This is pdfTeX, Version 3.14159265-2.6-1.40.20 (MiKTeX 2.9.7000 64-bit) (preloaded format=pdflatex 2020.1.16)  12 APR 2020 00:34
entering extended mode
**"./Design Specifications.tex"
("Design Specifications.tex"
LaTeX2e <2018-12-01>
(D:\MiKTex\tex/latex/base\article.cls
Document Class: article 2018/09/03 v1.4i Standard LaTeX document class
(D:\MiKTex\tex/latex/base\size12.clo
File: size12.clo 2018/09/03 v1.4i Standard LaTeX file (size option)
)
\c@part=\count80
\c@section=\count81
\c@subsection=\count82
\c@subsubsection=\count83
\c@paragraph=\count84
\c@subparagraph=\count85
\c@figure=\count86
\c@table=\count87
\abovecaptionskip=\skip41
\belowcaptionskip=\skip42
\bibindent=\dimen102
)
(D:\MiKTex\tex/latex/graphics\graphicx.sty
Package: graphicx 2017/06/01 v1.1a Enhanced LaTeX Graphics (DPC,SPQR)

(D:\MiKTex\tex/latex/graphics\keyval.sty
Package: keyval 2014/10/28 v1.15 key=value parser (DPC)
\KV@toks@=\toks14
)
(D:\MiKTex\tex/latex/graphics\graphics.sty
Package: graphics 2017/06/25 v1.2c Standard LaTeX Graphics (DPC,SPQR)

(D:\MiKTex\tex/latex/graphics\trig.sty
Package: trig 2016/01/03 v1.10 sin cos tan (DPC)
)
(D:\MiKTex\tex/latex/graphics-cfg\graphics.cfg
File: graphics.cfg 2016/06/04 v1.11 sample graphics configuration
)
Package graphics Info: Driver file: pdftex.def on input line 99.

(D:\MiKTex\tex/latex/graphics-def\pdftex.def
File: pdftex.def 2018/01/08 v1.0l Graphics/color driver for pdftex
))
\Gin@req@height=\dimen103
\Gin@req@width=\dimen104
)
(D:\MiKTex\tex/latex/paralist\paralist.sty
Package: paralist 2017/01/22 v2.7 Extended list environments
\pltopsep=\skip43
\plpartopsep=\skip44
\plitemsep=\skip45
\plparsep=\skip46
\pl@lab=\toks15
)
(D:\MiKTex\tex/latex/hyperref\hyperref.sty
Package: hyperref 2018/11/30 v6.88e Hypertext links for LaTeX

(D:\MiKTex\tex/generic/oberdiek\hobsub-hyperref.sty
Package: hobsub-hyperref 2016/05/16 v1.14 Bundle oberdiek, subset hyperref (HO)


(D:\MiKTex\tex/generic/oberdiek\hobsub-generic.sty
Package: hobsub-generic 2016/05/16 v1.14 Bundle oberdiek, subset generic (HO)
Package: hobsub 2016/05/16 v1.14 Construct package bundles (HO)
Package: infwarerr 2016/05/16 v1.4 Providing info/warning/error messages (HO)
Package: ltxcmds 2016/05/16 v1.23 LaTeX kernel commands for general use (HO)
Package: ifluatex 2016/05/16 v1.4 Provides the ifluatex switch (HO)
Package ifluatex Info: LuaTeX not detected.
Package: ifvtex 2016/05/16 v1.6 Detect VTeX and its facilities (HO)
Package ifvtex Info: VTeX not detected.
Package: intcalc 2016/05/16 v1.2 Expandable calculations with integers (HO)
Package: ifpdf 2018/09/07 v3.3 Provides the ifpdf switch
Package: etexcmds 2016/05/16 v1.6 Avoid name clashes with e-TeX commands (HO)
Package: kvsetkeys 2016/05/16 v1.17 Key value parser (HO)
Package: kvdefinekeys 2016/05/16 v1.4 Define keys (HO)
Package: pdftexcmds 2018/09/10 v0.29 Utility functions of pdfTeX for LuaTeX (HO
)
Package pdftexcmds Info: LuaTeX not detected.
Package pdftexcmds Info: \pdf@primitive is available.
Package pdftexcmds Info: \pdf@ifprimitive is available.
Package pdftexcmds Info: \pdfdraftmode found.
Package: pdfescape 2016/05/16 v1.14 Implements pdfTeX's escape features (HO)
Package: bigintcalc 2016/05/16 v1.4 Expandable calculations on big integers (HO
)
Package: bitset 2016/05/16 v1.2 Handle bit-vector datatype (HO)
Package: uniquecounter 2016/05/16 v1.3 Provide unlimited unique counter (HO)
)
Package hobsub Info: Skipping package `hobsub' (already loaded).
Package: letltxmacro 2016/05/16 v1.5 Let assignment for LaTeX macros (HO)
Package: hopatch 2016/05/16 v1.3 Wrapper for package hooks (HO)
Package: xcolor-patch 2016/05/16 xcolor patch
Package: atveryend 2016/05/16 v1.9 Hooks at the very end of document (HO)
Package atveryend Info: \enddocument detected (standard20110627).
Package: atbegshi 2016/06/09 v1.18 At begin shipout hook (HO)
Package: refcount 2016/05/16 v3.5 Data extraction from label references (HO)
Package: hycolor 2016/05/16 v1.8 Color options for hyperref/bookmark (HO)
)
(D:\MiKTex\tex/generic/ifxetex\ifxetex.sty
Package: ifxetex 2010/09/12 v0.6 Provides ifxetex conditional
)
(D:\MiKTex\tex/latex/oberdiek\auxhook.sty
Package: auxhook 2016/05/16 v1.4 Hooks for auxiliary files (HO)
)
(D:\MiKTex\tex/latex/oberdiek\kvoptions.sty
Package: kvoptions 2016/05/16 v3.12 Key value format for package options (HO)
)
\@linkdim=\dimen105
\Hy@linkcounter=\count88
\Hy@pagecounter=\count89

(D:\MiKTex\tex/latex/hyperref\pd1enc.def
File: pd1enc.def 2018/11/30 v6.88e Hyperref: PDFDocEncoding definition (HO)
Now handling font encoding PD1 ...
... no UTF-8 mapping file for font encoding PD1
)
\Hy@SavedSpaceFactor=\count90

(D:\MiKTex\tex/latex/00miktex\hyperref.cfg
File: hyperref.cfg 2002/06/06 v1.2 hyperref configuration of TeXLive
)
Package hyperref Info: Hyper figures OFF on input line 4519.
Package hyperref Info: Link nesting OFF on input line 4524.
Package hyperref Info: Hyper index ON on input line 4527.
Package hyperref Info: Plain pages OFF on input line 4534.
Package hyperref Info: Backreferencing OFF on input line 4539.
Package hyperref Info: Implicit mode ON; LaTeX internals redefined.
Package hyperref Info: Bookmarks ON on input line 4772.
\c@Hy@tempcnt=\count91
 (D:\MiKTex\tex/latex/url\url.sty
\Urlmuskip=\muskip10
Package: url 2013/09/16  ver 3.4  Verb mode for urls, etc.
)
LaTeX Info: Redefining \url on input line 5125.
\XeTeXLinkMargin=\dimen106
\Fld@menulength=\count92
\Field@Width=\dimen107
\Fld@charsize=\dimen108
Package hyperref Info: Hyper figures OFF on input line 6380.
Package hyperref Info: Link nesting OFF on input line 6385.
Package hyperref Info: Hyper index ON on input line 6388.
Package hyperref Info: backreferencing OFF on input line 6395.
Package hyperref Info: Link coloring OFF on input line 6400.
Package hyperref Info: Link coloring with OCG OFF on input line 6405.
Package hyperref Info: PDF/A mode OFF on input line 6410.
LaTeX Info: Redefining \ref on input line 6450.
LaTeX Info: Redefining \pageref on input line 6454.
\Hy@abspage=\count93
\c@Item=\count94
\c@Hfootnote=\count95
)
Package hyperref Info: Driver (autodetected): hpdftex.

(D:\MiKTex\tex/latex/hyperref\hpdftex.def
File: hpdftex.def 2018/11/30 v6.88e Hyperref driver for pdfTeX
\Fld@listcount=\count96
\c@bookmark@seq@number=\count97

(D:\MiKTex\tex/latex/oberdiek\rerunfilecheck.sty
Package: rerunfilecheck 2016/05/16 v1.8 Rerun checks for auxiliary files (HO)
Package uniquecounter Info: New unique counter `rerunfilecheck' on input line 2
82.
)
\Hy@SectionHShift=\skip47
)
(D:\MiKTex\tex/latex/tools\xspace.sty
Package: xspace 2014/10/28 v1.13 Space after command names (DPC,MH)
)
(D:\MiKTex\tex/latex/amsfonts\amsfonts.sty
Package: amsfonts 2013/01/14 v3.01 Basic AMSFonts support
\@emptytoks=\toks16
\symAMSa=\mathgroup4
\symAMSb=\mathgroup5
LaTeX Font Info:    Overwriting math alphabet `\mathfrak' in version `bold'
(Font)                  U/euf/m/n --> U/euf/b/n on input line 106.
)
(D:\MiKTex\tex/latex/amsmath\amsmath.sty
Package: amsmath 2018/12/01 v2.17b AMS math features
\@mathmargin=\skip48

For additional information on amsmath, use the `?' option.
(D:\MiKTex\tex/latex/amsmath\amstext.sty
Package: amstext 2000/06/29 v2.01 AMS text

(D:\MiKTex\tex/latex/amsmath\amsgen.sty
File: amsgen.sty 1999/11/30 v2.0 generic functions
\@emptytoks=\toks17
\ex@=\dimen109
))
(D:\MiKTex\tex/latex/amsmath\amsbsy.sty
Package: amsbsy 1999/11/29 v1.2d Bold Symbols
\pmbraise@=\dimen110
)
(D:\MiKTex\tex/latex/amsmath\amsopn.sty
Package: amsopn 2016/03/08 v2.02 operator names
)
\inf@bad=\count98
LaTeX Info: Redefining \frac on input line 223.
\uproot@=\count99
\leftroot@=\count100
LaTeX Info: Redefining \overline on input line 385.
\classnum@=\count101
\DOTSCASE@=\count102
LaTeX Info: Redefining \ldots on input line 482.
LaTeX Info: Redefining \dots on input line 485.
LaTeX Info: Redefining \cdots on input line 606.
\Mathstrutbox@=\box27
\strutbox@=\box28
\big@size=\dimen111
LaTeX Font Info:    Redeclaring font encoding OML on input line 729.
LaTeX Font Info:    Redeclaring font encoding OMS on input line 730.
\macc@depth=\count103
\c@MaxMatrixCols=\count104
\dotsspace@=\muskip11
\c@parentequation=\count105
\dspbrk@lvl=\count106
\tag@help=\toks18
\row@=\count107
\column@=\count108
\maxfields@=\count109
\andhelp@=\toks19
\eqnshift@=\dimen112
\alignsep@=\dimen113
\tagshift@=\dimen114
\tagwidth@=\dimen115
\totwidth@=\dimen116
\lineht@=\dimen117
\@envbody=\toks20
\multlinegap=\skip49
\multlinetaggap=\skip50
\mathdisplay@stack=\toks21
LaTeX Info: Redefining \[ on input line 2844.
LaTeX Info: Redefining \] on input line 2845.
)
(D:\MiKTex\tex/latex/multirow\multirow.sty
Package: multirow 2019/01/01 v2.4 Span multiple rows of a table
\multirow@colwidth=\skip51
\multirow@cntb=\count110
\multirow@dima=\skip52
\bigstrutjot=\dimen118
)
\c@stepnum=\count111
 ("Design Specifications.aux")
\openout1 = `"Design Specifications.aux"'.

LaTeX Font Info:    Checking defaults for OML/cmm/m/it on input line 37.
LaTeX Font Info:    ... okay on input line 37.
LaTeX Font Info:    Checking defaults for T1/cmr/m/n on input line 37.
LaTeX Font Info:    ... okay on input line 37.
LaTeX Font Info:    Checking defaults for OT1/cmr/m/n on input line 37.
LaTeX Font Info:    ... okay on input line 37.
LaTeX Font Info:    Checking defaults for OMS/cmsy/m/n on input line 37.
LaTeX Font Info:    ... okay on input line 37.
LaTeX Font Info:    Checking defaults for OMX/cmex/m/n on input line 37.
LaTeX Font Info:    ... okay on input line 37.
LaTeX Font Info:    Checking defaults for U/cmr/m/n on input line 37.
LaTeX Font Info:    ... okay on input line 37.
LaTeX Font Info:    Checking defaults for PD1/pdf/m/n on input line 37.
LaTeX Font Info:    ... okay on input line 37.

(D:\MiKTex\tex/context/base/mkii\supp-pdf.mkii
[Loading MPS to PDF converter (version 2006.09.02).]
\scratchcounter=\count112
\scratchdimen=\dimen119
\scratchbox=\box29
\nofMPsegments=\count113
\nofMParguments=\count114
\everyMPshowfont=\toks22
\MPscratchCnt=\count115
\MPscratchDim=\dimen120
\MPnumerator=\count116
\makeMPintoPDFobject=\count117
\everyMPtoPDFconversion=\toks23
) (D:\MiKTex\tex/latex/oberdiek\epstopdf-base.sty
Package: epstopdf-base 2016/05/15 v2.6 Base part for package epstopdf

(D:\MiKTex\tex/latex/oberdiek\grfext.sty
Package: grfext 2016/05/16 v1.2 Manage graphics extensions (HO)
)
Package epstopdf-base Info: Redefining graphics rule for `.eps' on input line 4
38.
Package grfext Info: Graphics extension search list:
(grfext)             [.pdf,.png,.jpg,.mps,.jpeg,.jbig2,.jb2,.PDF,.PNG,.JPG,.JPE
G,.JBIG2,.JB2,.eps]
(grfext)             \AppendGraphicsExtensions on input line 456.
)
\AtBeginShipoutBox=\box30
Package hyperref Info: Link coloring OFF on input line 37.

(D:\MiKTex\tex/latex/hyperref\nameref.sty
Package: nameref 2016/05/21 v2.44 Cross-referencing by name of section

(D:\MiKTex\tex/generic/oberdiek\gettitlestring.sty
Package: gettitlestring 2016/05/16 v1.5 Cleanup title references (HO)
)
\c@section@level=\count118
)
LaTeX Info: Redefining \ref on input line 37.
LaTeX Info: Redefining \pageref on input line 37.
LaTeX Info: Redefining \nameref on input line 37.
 ("Design Specifications.out") ("Design Specifications.out")
\@outlinefile=\write3
\openout3 = `"Design Specifications.out"'.

LaTeX Font Info:    Try loading font information for U+msa on input line 40.
 (D:\MiKTex\tex/latex/amsfonts\umsa.fd
File: umsa.fd 2013/01/14 v3.01 AMS symbols A
)
LaTeX Font Info:    Try loading font information for U+msb on input line 40.

(D:\MiKTex\tex/latex/amsfonts\umsb.fd
File: umsb.fd 2013/01/14 v3.01 AMS symbols B
) [1

{C:/Users/谭森妮/AppData/Local/MiKTeX/2.9/pdftex/config/pdftex.map}] [2]
Overfull \hbox (6.67386pt too wide) in paragraph at lines 68--99
 [] 
 []

[3] [4] ("Design Specifications.toc")
\tf@toc=\write4
\openout4 = `"Design Specifications.toc"'.

 [5]
Underfull \hbox (badness 10000) in paragraph at lines 110--111

 []


Underfull \hbox (badness 10000) in paragraph at lines 110--111

 []


Underfull \hbox (badness 10000) in paragraph at lines 110--111

 []


Underfull \hbox (badness 10000) in paragraph at lines 110--111

 []


Underfull \hbox (badness 10000) in paragraph at lines 110--111

 []


LaTeX Warning: File `UML Diagram.png' not found on input line 112.

<UML Diagram.png, id=67, 683.55376pt x 786.94pt>
File: UML Diagram.png Graphic file (type png)
<use UML Diagram.png>
Package pdftex.def Info: UML Diagram.png  used on input line 112.
(pdftex.def)             Requested size: 364.19664pt x 419.28563pt.
[6] [7 <./UML Diagram.png>]
Underfull \hbox (badness 10000) in paragraph at lines 171--178

 []

[8]
LaTeX Font Info:    Try loading font information for OMS+cmr on input line 193.

 (D:\MiKTex\tex/latex/base\omscmr.fd
File: omscmr.fd 2014/09/29 v2.5h Standard LaTeX font definitions
)
LaTeX Font Info:    Font shape `OMS/cmr/m/n' in size <12> not available
(Font)              Font shape `OMS/cmsy/m/n' tried instead on input line 193.

Overfull \hbox (143.8641pt too wide) in paragraph at lines 193--194
[]\OT1/cmr/m/n/12 transition: $\OML/cmm/m/it/12 noc; title; outlook; year; loca
tion; region; regions \OT1/cmr/m/n/12 := \OML/cmm/m/it/12 noc; title; outlook; 
year; location; region; regions$ 
 []

[9] [10]
Underfull \hbox (badness 10000) in paragraph at lines 303--304

 []

[11] [12]
Underfull \hbox (badness 10000) in paragraph at lines 369--370

 []


Overfull \hbox (1.63936pt too wide) in paragraph at lines 373--374
[]\OT1/cmr/m/n/12 output: $\OML/cmm/m/it/12 out \OT1/cmr/m/n/12 :=$ (a.get[]out
look $\OML/cmm/m/it/12 >$ \OT1/cmr/m/n/12 b.get[]outlook) $\OMS/cmsy/m/n/12 )$ 
\OT1/cmr/m/n/12 1 $\OMS/cmsy/m/n/12 j$ \OT1/cmr/m/n/12 (a.get[]outlook $\OML/cm
m/m/it/12 <$ \OT1/cmr/m/n/12 b.get[]outlook)
 []

[13]
Underfull \hbox (badness 10000) in paragraph at lines 388--389

 []

[14] [15] [16]
Underfull \hbox (badness 10000) in paragraph at lines 499--500

 []


Underfull \hbox (badness 10000) in paragraph at lines 506--507

 []

[17] [18] [19] [20]
Overfull \hbox (79.56146pt too wide) in paragraph at lines 664--665
[]\OT1/cmr/m/n/12 transition: $\OML/cmm/m/it/12 count; [] \OT1/cmr/m/n/12 := []
\OML/cmm/m/it/12 ; []\U/msb/m/n/12 B[]$ 
 []

[21]
<usesHierarchy.png, id=213, 963.6pt x 542.025pt>
File: usesHierarchy.png Graphic file (type png)
<use usesHierarchy.png>
Package pdftex.def Info: usesHierarchy.png  used on input line 687.
(pdftex.def)             Requested size: 481.79883pt x 271.01183pt.

Overfull \hbox (26.55475pt too wide) in paragraph at lines 687--688
 [] 
 []

<useCase.png, id=214, 963.6pt x 542.025pt>
File: useCase.png Graphic file (type png)
<use useCase.png>
Package pdftex.def Info: useCase.png  used on input line 691.
(pdftex.def)             Requested size: 481.79883pt x 271.01183pt.

Overfull \hbox (26.55475pt too wide) in paragraph at lines 691--692
 [] 
 []

[22 <./usesHierarchy.png>] [23 <./useCase.png>]
Underfull \hbox (badness 10000) in paragraph at lines 696--706

 []


Underfull \hbox (badness 10000) in paragraph at lines 696--706

 []


Underfull \hbox (badness 10000) in paragraph at lines 696--706

 []


Underfull \hbox (badness 10000) in paragraph at lines 696--706

 []


Underfull \hbox (badness 10000) in paragraph at lines 696--706

 []


Underfull \hbox (badness 10000) in paragraph at lines 696--706

 []


Underfull \hbox (badness 10000) in paragraph at lines 696--706

 []


Underfull \hbox (badness 10000) in paragraph at lines 696--706

 []

[24] [25]
Underfull \hbox (badness 10000) in paragraph at lines 720--722

 []

[26]
Underfull \hbox (badness 10000) in paragraph at lines 737--739

 []


Underfull \hbox (badness 10000) in paragraph at lines 740--742

 []


Underfull \hbox (badness 10000) in paragraph at lines 743--745

 []


Underfull \hbox (badness 10000) in paragraph at lines 746--748

 []


Underfull \hbox (badness 10000) in paragraph at lines 749--751

 []


Underfull \hbox (badness 10000) in paragraph at lines 752--754

 []


Underfull \hbox (badness 10000) in paragraph at lines 755--757

 []


Underfull \hbox (badness 10000) in paragraph at lines 758--760

 []

[27]
Underfull \hbox (badness 10000) in paragraph at lines 761--763

 []

[28]
Underfull \hbox (badness 10000) in paragraph at lines 776--779

 []


Underfull \hbox (badness 10000) in paragraph at lines 780--781

 []


Underfull \hbox (badness 10000) in paragraph at lines 782--785

 []


Underfull \hbox (badness 10000) in paragraph at lines 786--787

 []

[29]

LaTeX Warning: File `state machine 1.png' not found on input line 790.

<state machine 1.png, id=264, 692.5875pt x 430.60875pt>
File: state machine 1.png Graphic file (type png)
<use state machine 1.png>
Package pdftex.def Info: state machine 1.png  used on input line 790.
(pdftex.def)             Requested size: 364.19664pt x 226.44092pt.

LaTeX Warning: File `state machine 2.png' not found on input line 792.

<state machine 2.png, id=265, 614.295pt x 485.56406pt>
File: state machine 2.png Graphic file (type png)
<use state machine 2.png>
Package pdftex.def Info: state machine 2.png  used on input line 792.
(pdftex.def)             Requested size: 364.19664pt x 287.88063pt.
[30 <./state machine 1.png> <./state machine 2.png>] [31]
Overfull \hbox (23.926pt too wide) in paragraph at lines 803--804
\OT1/cmr/m/n/12 COMMONS, GNOME, 12 Jan. 2008, https://commons.wikimedia.org/wik
i/File:Gnome-
 []


Overfull \hbox (15.86075pt too wide) in paragraph at lines 805--807
\OT1/cmr/m/n/12 from https://open.canada.ca/data/en/dataset/b0e112e9-cf53-4e79-
8838-23cd98debe5b 
 []

Package atveryend Info: Empty hook `BeforeClearDocument' on input line 810.
[32]
Package atveryend Info: Empty hook `AfterLastShipout' on input line 810.
 ("Design Specifications.aux")
Package atveryend Info: Executing hook `AtVeryEndDocument' on input line 810.
Package atveryend Info: Executing hook `AtEndAfterFileList' on input line 810.
Package rerunfilecheck Info: File `"Design Specifications".out' has not changed
.
(rerunfilecheck)             Checksum: EC7320CE4C2F8B2FAB6885B452E5426E;413.
Package atveryend Info: Empty hook `AtVeryVeryEnd' on input line 810.
 ) 
Here is how much of TeX's memory you used:
 6056 strings out of 492942
 86113 string characters out of 3143473
 182820 words of memory out of 3000000
 9761 multiletter control sequences out of 15000+200000
 13810 words of font info for 52 fonts, out of 3000000 for 9000
 1141 hyphenation exceptions out of 8191
 28i,8n,30p,1644b,393s stack positions out of 5000i,500n,10000p,200000b,50000s
<D:/MiKTex/fonts/type1/public/amsfonts/cm/cmbx12.pfb><D:/MiKTex/fonts/type1/p
ublic/amsfonts/cm/cmbxti10.pfb><D:/MiKTex/fonts/type1/public/amsfonts/cm/cmmi12
.pfb><D:/MiKTex/fonts/type1/public/amsfonts/cm/cmr12.pfb><D:/MiKTex/fonts/type1
/public/amsfonts/cm/cmr17.pfb><D:/MiKTex/fonts/type1/public/amsfonts/cm/cmsy10.
pfb><D:/MiKTex/fonts/type1/public/amsfonts/cm/cmti12.pfb><D:/MiKTex/fonts/type1
/public/amsfonts/symbols/msbm10.pfb>
Output written on "Design Specifications.pdf" (32 pages, 341853 bytes).
PDF statistics:
 336 PDF objects out of 1000 (max. 8388607)
 130 named destinations out of 1000 (max. 500000)
 82 words of extra memory for PDF output out of 10000 (max. 10000000)

